-------------------------------------------------------------------------------
Test set: Tests.TestPlan
-------------------------------------------------------------------------------
Tests run: 5, Failures: 1, Errors: 0, Skipped: 0, Time elapsed: 91.482 s <<< FAILURE! - in Tests.TestPlan
Tests.TestPlan.createNewTwitterAccount  Time elapsed: 42.968 s  <<< FAILURE!
org.opentest4j.AssertionFailedError: expected: <true> but was: <false>
	at Tests.TestPlan.createNewTwitterAccount(TestPlan.java:26)

