<?xml version="1.0" encoding="UTF-8"?>
<testsuite xmlns:xsi="http://www.w3.org/2001/XMLSchema-instance" xsi:noNamespaceSchemaLocation="https://maven.apache.org/surefire/maven-surefire-plugin/xsd/surefire-test-report-3.0.xsd" version="3.0" name="Tests.TestPlan" time="91.482" tests="5" errors="0" skipped="0" failures="1">
  <properties>
[...]
</properties>
  <testcase name="createNewTwitterAccount" classname="Tests.TestPlan" time="42.968">
    <failure type="org.opentest4j.AssertionFailedError"><![CDATA[org.opentest4j.AssertionFailedError: expected: <true> but was: <false>
	at Tests.TestPlan.createNewTwitterAccount(TestPlan.java:26)
]]></failure>
    <system-out><![CDATA[https://twitter.com/Spacedogs15511
SPACEDOGS1
spacedogs1
]]></system-out>
    <system-err><![CDATA[Starting ChromeDriver 86.0.4240.22 (398b0743353ff36fb1b82468f63a3a93b4e2e89e-refs/branch-heads/4240@{#378}) on port 25570
Only local connections are allowed.
Please see https://chromedriver.chromium.org/security-considerations for suggestions on keeping ChromeDriver safe.
ChromeDriver was started successfully.
Nov 11, 2020 10:56:40 PM org.openqa.selenium.remote.ProtocolHandshake createSession
INFO: Detected dialect: W3C
]]></system-err>
  </testcase>
  <testcase name="tweetLink" classname="Tests.TestPlan" time="4.523"/>
  <testcase name="tweetText" classname="Tests.TestPlan" time="4.27"/>
  <testcase name="tweetImage" classname="Tests.TestPlan" time="6.424"/>
  <testcase name="tweetVideo" classname="Tests.TestPlan" time="24.514"/>
</testsuite>